0 info it worked if it ends with ok
1 verbose cli [ 'C:\\Program Files (x86)\\nodejs\\\\node.exe',
1 verbose cli   'C:\\Program Files (x86)\\nodejs\\node_modules\\npm\\bin\\npm-cli.js',
1 verbose cli   'install',
1 verbose cli   'http-server',
1 verbose cli   '-g' ]
2 info using npm@2.7.4
3 info using node@v0.12.2
4 verbose node symlink C:\Program Files (x86)\nodejs\\node.exe
5 silly cache add args [ 'http-server', null ]
6 verbose cache add spec http-server
7 silly cache add parsed spec { raw: 'http-server',
7 silly cache add   scope: null,
7 silly cache add   name: 'http-server',
7 silly cache add   rawSpec: '',
7 silly cache add   spec: '*',
7 silly cache add   type: 'range' }
8 verbose addNamed http-server@*
9 silly addNamed semver.valid null
10 silly addNamed semver.validRange *
11 silly addNameRange { name: 'http-server', range: '*', hasData: false }
12 silly mapToRegistry name http-server
13 silly mapToRegistry using default registry
14 silly mapToRegistry registry https://registry.npmjs.org/
15 silly mapToRegistry uri https://registry.npmjs.org/http-server
16 verbose addNameRange registry:https://registry.npmjs.org/http-server not in flight; fetching
17 verbose request uri https://registry.npmjs.org/http-server
18 verbose request no auth needed
19 info attempt registry request try #1 at 9:33:10 AM
20 verbose request id 1a23f7c0bf167af1
21 verbose etag "1BI6KDPIKFX3TUKZDKMPXDUVC"
22 http request GET https://registry.npmjs.org/http-server
23 http 304 https://registry.npmjs.org/http-server
24 silly get cb [ 304,
24 silly get   { date: 'Fri, 22 Jul 2016 08:33:10 GMT',
24 silly get     via: '1.1 varnish',
24 silly get     'cache-control': 'max-age=300',
24 silly get     etag: '"1BI6KDPIKFX3TUKZDKMPXDUVC"',
24 silly get     age: '55',
24 silly get     connection: 'keep-alive',
24 silly get     'x-served-by': 'cache-ams4135-AMS',
24 silly get     'x-cache': 'HIT',
24 silly get     'x-cache-hits': '1',
24 silly get     'x-timer': 'S1469176390.606116,VS0,VE0',
24 silly get     vary: 'Accept-Encoding' } ]
25 verbose etag https://registry.npmjs.org/http-server from cache
26 verbose get saving http-server to \\liberis\liberis_dfs\profile_files\Jay.Ramsay\AppData\Roaming\npm-cache\registry.npmjs.org\http-server\.cache.json
27 silly addNameRange number 2 { name: 'http-server', range: '*', hasData: true }
28 silly addNameRange versions [ 'http-server',
28 silly addNameRange   [ '0.1.0',
28 silly addNameRange     '0.1.1',
28 silly addNameRange     '0.1.3',
28 silly addNameRange     '0.2.1',
28 silly addNameRange     '0.2.2',
28 silly addNameRange     '0.2.3',
28 silly addNameRange     '0.2.4',
28 silly addNameRange     '0.2.5',
28 silly addNameRange     '0.2.6',
28 silly addNameRange     '0.2.9',
28 silly addNameRange     '0.3.0',
28 silly addNameRange     '0.4.0',
28 silly addNameRange     '0.4.1',
28 silly addNameRange     '0.5.0',
28 silly addNameRange     '0.5.1',
28 silly addNameRange     '0.5.2',
28 silly addNameRange     '0.5.3',
28 silly addNameRange     '0.5.5',
28 silly addNameRange     '0.6.0',
28 silly addNameRange     '0.6.1',
28 silly addNameRange     '0.7.0',
28 silly addNameRange     '0.7.1',
28 silly addNameRange     '0.7.2',
28 silly addNameRange     '0.7.3',
28 silly addNameRange     '0.7.4',
28 silly addNameRange     '0.7.5',
28 silly addNameRange     '0.8.0',
28 silly addNameRange     '0.8.1',
28 silly addNameRange     '0.8.2',
28 silly addNameRange     '0.8.3',
28 silly addNameRange     '0.8.4',
28 silly addNameRange     '0.8.5',
28 silly addNameRange     '0.9.0' ] ]
29 verbose addNamed http-server@0.9.0
30 silly addNamed semver.valid 0.9.0
31 silly addNamed semver.validRange 0.9.0
32 silly cache afterAdd http-server@0.9.0
33 verbose afterAdd \\liberis\liberis_dfs\profile_files\Jay.Ramsay\AppData\Roaming\npm-cache\http-server\0.9.0\package\package.json not in flight; writing
34 verbose afterAdd \\liberis\liberis_dfs\profile_files\Jay.Ramsay\AppData\Roaming\npm-cache\http-server\0.9.0\package\package.json written
35 silly install resolved [ { name: 'http-server',
35 silly install resolved     version: '0.9.0',
35 silly install resolved     description: 'A simple zero-configuration command-line http server',
35 silly install resolved     main: './lib/http-server',
35 silly install resolved     repository:
35 silly install resolved      { type: 'git',
35 silly install resolved        url: 'git://github.com/indexzero/http-server.git' },
35 silly install resolved     keywords: [ 'cli', 'command' ],
35 silly install resolved     scripts:
35 silly install resolved      { start: 'node ./bin/http-server',
35 silly install resolved        pretest: 'common bin/http-server lib/ test',
35 silly install resolved        test: 'vows --spec --isolate' },
35 silly install resolved     contributors:
35 silly install resolved      [ [Object],
35 silly install resolved        [Object],
35 silly install resolved        [Object],
35 silly install resolved        [Object],
35 silly install resolved        [Object],
35 silly install resolved        [Object],
35 silly install resolved        [Object],
35 silly install resolved        [Object],
35 silly install resolved        [Object],
35 silly install resolved        [Object] ],
35 silly install resolved     dependencies:
35 silly install resolved      { colors: '1.0.3',
35 silly install resolved        corser: '~2.0.0',
35 silly install resolved        ecstatic: '^1.4.0',
35 silly install resolved        'http-proxy': '^1.8.1',
35 silly install resolved        opener: '~1.4.0',
35 silly install resolved        optimist: '0.6.x',
35 silly install resolved        portfinder: '0.4.x',
35 silly install resolved        union: '~0.4.3' },
35 silly install resolved     devDependencies: { 'common-style': '^3.0.0', request: '2.49.x', vows: '0.7.x' },
35 silly install resolved     bugs: { url: 'https://github.com/nodeapps/http-server/issues' },
35 silly install resolved     license: 'MIT',
35 silly install resolved     preferGlobal: 'true',
35 silly install resolved     bin: { 'http-server': './bin/http-server', hs: './bin/http-server' },
35 silly install resolved     gitHead: '1a8552c5e028bd5500027ee940111133927a4e94',
35 silly install resolved     homepage: 'https://github.com/indexzero/http-server#readme',
35 silly install resolved     _id: 'http-server@0.9.0',
35 silly install resolved     _shasum: '8f1b06bdc733618d4dc42831c7ba1aff4e06001a',
35 silly install resolved     _from: 'http-server@*',
35 silly install resolved     _npmVersion: '3.7.1',
35 silly install resolved     _nodeVersion: '4.2.2',
35 silly install resolved     _npmUser: { name: 'indexzero', email: 'charlie.robbins@gmail.com' },
35 silly install resolved     maintainers: [ [Object] ],
35 silly install resolved     dist:
35 silly install resolved      { shasum: '8f1b06bdc733618d4dc42831c7ba1aff4e06001a',
35 silly install resolved        tarball: 'https://registry.npmjs.org/http-server/-/http-server-0.9.0.tgz' },
35 silly install resolved     _npmOperationalInternal:
35 silly install resolved      { host: 'packages-6-west.internal.npmjs.com',
35 silly install resolved        tmp: 'tmp/http-server-0.9.0.tgz_1455864708425_0.19514421350322664' },
35 silly install resolved     directories: {},
35 silly install resolved     _resolved: 'https://registry.npmjs.org/http-server/-/http-server-0.9.0.tgz',
35 silly install resolved     readme: 'ERROR: No README data found!' } ]
36 info install http-server@0.9.0 into \\liberis\liberis_dfs\profile_files\Jay.Ramsay\AppData\Roaming\npm
37 info installOne http-server@0.9.0
38 verbose installOne of http-server to \\liberis\liberis_dfs\profile_files\Jay.Ramsay\AppData\Roaming\npm not in flight; installing
39 verbose lock using \\liberis\liberis_dfs\profile_files\Jay.Ramsay\AppData\Roaming\npm-cache\_locks\http-server-faec59c72b47b4dd.lock for \\liberis\liberis_dfs\profile_files\Jay.Ramsay\AppData\Roaming\npm\node_modules\http-server
40 silly install write writing http-server 0.9.0 to \\liberis\liberis_dfs\profile_files\Jay.Ramsay\AppData\Roaming\npm\node_modules\http-server
41 silly cache addNamed cb http-server@0.9.0
42 verbose unbuild node_modules\http-server
43 info preuninstall http-server@0.8.5
44 info uninstall http-server@0.8.5
45 verbose unbuild rmStuff http-server@0.8.5 from \\liberis\liberis_dfs\profile_files\Jay.Ramsay\AppData\Roaming\npm\node_modules
46 silly gentlyRm \\liberis\liberis_dfs\profile_files\Jay.Ramsay\AppData\Roaming\npm\http-server.cmd is being gently removed
47 silly gentlyRm verifying \\liberis\liberis_dfs\profile_files\Jay.Ramsay\AppData\Roaming\npm is an npm working directory
48 silly gentlyRm \\liberis\liberis_dfs\profile_files\Jay.Ramsay\AppData\Roaming\npm\hs.cmd is being gently removed
49 silly gentlyRm verifying \\liberis\liberis_dfs\profile_files\Jay.Ramsay\AppData\Roaming\npm is an npm working directory
50 silly gentlyRm containing path \\liberis\liberis_dfs\profile_files\Jay.Ramsay\AppData\Roaming\npm is under npm's control, in \\liberis\liberis_dfs\profile_files\Jay.Ramsay\AppData\Roaming\npm
51 silly gentlyRm deletion target \\liberis\liberis_dfs\profile_files\Jay.Ramsay\AppData\Roaming\npm\http-server.cmd is under \\liberis\liberis_dfs\profile_files\Jay.Ramsay\AppData\Roaming\npm
52 verbose gentlyRm vacuuming from \\liberis\liberis_dfs\profile_files\Jay.Ramsay\AppData\Roaming\npm\http-server.cmd up to \\liberis\liberis_dfs\profile_files\Jay.Ramsay\AppData\Roaming\npm
53 silly gentlyRm containing path \\liberis\liberis_dfs\profile_files\Jay.Ramsay\AppData\Roaming\npm is under npm's control, in \\liberis\liberis_dfs\profile_files\Jay.Ramsay\AppData\Roaming\npm
54 silly gentlyRm deletion target \\liberis\liberis_dfs\profile_files\Jay.Ramsay\AppData\Roaming\npm\hs.cmd is under \\liberis\liberis_dfs\profile_files\Jay.Ramsay\AppData\Roaming\npm
55 verbose gentlyRm vacuuming from \\liberis\liberis_dfs\profile_files\Jay.Ramsay\AppData\Roaming\npm\hs.cmd up to \\liberis\liberis_dfs\profile_files\Jay.Ramsay\AppData\Roaming\npm
56 silly vacuum-fs removing \\liberis\liberis_dfs\profile_files\Jay.Ramsay\AppData\Roaming\npm\http-server.cmd
57 silly vacuum-fs removing \\liberis\liberis_dfs\profile_files\Jay.Ramsay\AppData\Roaming\npm\hs.cmd
58 silly vacuum-fs finished vacuuming up to \\liberis\liberis_dfs\profile_files\Jay.Ramsay\AppData\Roaming\npm
59 silly gentlyRm \\liberis\liberis_dfs\profile_files\Jay.Ramsay\AppData\Roaming\npm\hs is being gently removed
60 silly gentlyRm verifying \\liberis\liberis_dfs\profile_files\Jay.Ramsay\AppData\Roaming\npm is an npm working directory
61 silly gentlyRm containing path \\liberis\liberis_dfs\profile_files\Jay.Ramsay\AppData\Roaming\npm is under npm's control, in \\liberis\liberis_dfs\profile_files\Jay.Ramsay\AppData\Roaming\npm
62 silly gentlyRm deletion target \\liberis\liberis_dfs\profile_files\Jay.Ramsay\AppData\Roaming\npm\hs is under \\liberis\liberis_dfs\profile_files\Jay.Ramsay\AppData\Roaming\npm
63 verbose gentlyRm vacuuming from \\liberis\liberis_dfs\profile_files\Jay.Ramsay\AppData\Roaming\npm\hs up to \\liberis\liberis_dfs\profile_files\Jay.Ramsay\AppData\Roaming\npm
64 silly vacuum-fs finished vacuuming up to \\liberis\liberis_dfs\profile_files\Jay.Ramsay\AppData\Roaming\npm
65 silly gentlyRm \\liberis\liberis_dfs\profile_files\Jay.Ramsay\AppData\Roaming\npm\http-server is being gently removed
66 silly gentlyRm verifying \\liberis\liberis_dfs\profile_files\Jay.Ramsay\AppData\Roaming\npm is an npm working directory
67 silly gentlyRm containing path \\liberis\liberis_dfs\profile_files\Jay.Ramsay\AppData\Roaming\npm is under npm's control, in \\liberis\liberis_dfs\profile_files\Jay.Ramsay\AppData\Roaming\npm
68 silly gentlyRm deletion target \\liberis\liberis_dfs\profile_files\Jay.Ramsay\AppData\Roaming\npm\http-server is under \\liberis\liberis_dfs\profile_files\Jay.Ramsay\AppData\Roaming\npm
69 verbose gentlyRm vacuuming from \\liberis\liberis_dfs\profile_files\Jay.Ramsay\AppData\Roaming\npm\http-server up to \\liberis\liberis_dfs\profile_files\Jay.Ramsay\AppData\Roaming\npm
70 silly vacuum-fs removing \\liberis\liberis_dfs\profile_files\Jay.Ramsay\AppData\Roaming\npm\hs
71 silly vacuum-fs removing \\liberis\liberis_dfs\profile_files\Jay.Ramsay\AppData\Roaming\npm\http-server
72 silly vacuum-fs finished vacuuming up to \\liberis\liberis_dfs\profile_files\Jay.Ramsay\AppData\Roaming\npm
73 silly vacuum-fs finished vacuuming up to \\liberis\liberis_dfs\profile_files\Jay.Ramsay\AppData\Roaming\npm
74 info postuninstall http-server@0.8.5
75 silly gentlyRm \\liberis\liberis_dfs\profile_files\Jay.Ramsay\AppData\Roaming\npm\node_modules\http-server is being purged from base \\liberis\liberis_dfs\profile_files\Jay.Ramsay\AppData\Roaming\npm
76 verbose gentlyRm don't care about contents; nuking \\liberis\liberis_dfs\profile_files\Jay.Ramsay\AppData\Roaming\npm\node_modules\http-server
77 silly vacuum-fs purging \\liberis\liberis_dfs\profile_files\Jay.Ramsay\AppData\Roaming\npm\node_modules\http-server
78 silly vacuum-fs quitting because other entries in \\liberis\liberis_dfs\profile_files\Jay.Ramsay\AppData\Roaming\npm\node_modules
79 verbose tar unpack \\liberis\liberis_dfs\profile_files\Jay.Ramsay\AppData\Roaming\npm-cache\http-server\0.9.0\package.tgz
80 verbose tar unpacking to \\liberis\liberis_dfs\profile_files\Jay.Ramsay\AppData\Roaming\npm\node_modules\http-server
81 silly gentlyRm \\liberis\liberis_dfs\profile_files\Jay.Ramsay\AppData\Roaming\npm\node_modules\http-server is being purged
82 verbose gentlyRm don't care about contents; nuking \\liberis\liberis_dfs\profile_files\Jay.Ramsay\AppData\Roaming\npm\node_modules\http-server
83 silly vacuum-fs Error: UNKNOWN, lstat '\\liberis\liberis_dfs\profile_files\Jay.Ramsay\AppData\Roaming\npm\node_modules\http-server'
83 silly vacuum-fs     at Error (native)
84 verbose unlock done using \\liberis\liberis_dfs\profile_files\Jay.Ramsay\AppData\Roaming\npm-cache\_locks\http-server-faec59c72b47b4dd.lock for \\liberis\liberis_dfs\profile_files\Jay.Ramsay\AppData\Roaming\npm\node_modules\http-server
85 verbose stack Error: UNKNOWN, lstat '\\liberis\liberis_dfs\profile_files\Jay.Ramsay\AppData\Roaming\npm\node_modules\http-server'
85 verbose stack     at Error (native)
86 verbose cwd C:\SAUCE\thisisthesauce\jay2base.github.io
87 error Windows_NT 6.3.9600
88 error argv "C:\\Program Files (x86)\\nodejs\\\\node.exe" "C:\\Program Files (x86)\\nodejs\\node_modules\\npm\\bin\\npm-cli.js" "install" "http-server" "-g"
89 error node v0.12.2
90 error npm  v2.7.4
91 error path \\liberis\liberis_dfs\profile_files\Jay.Ramsay\AppData\Roaming\npm\node_modules\http-server
92 error code UNKNOWN
93 error errno -4094
94 error UNKNOWN, lstat '\\liberis\liberis_dfs\profile_files\Jay.Ramsay\AppData\Roaming\npm\node_modules\http-server'
95 error If you need help, you may report this error at:
95 error     <https://github.com/npm/npm/issues>
96 verbose exit [ -4094, true ]
97 verbose unbuild node_modules\http-server
98 silly gentlyRm \\liberis\liberis_dfs\profile_files\Jay.Ramsay\AppData\Roaming\npm\node_modules\http-server is being purged from base \\liberis\liberis_dfs\profile_files\Jay.Ramsay\AppData\Roaming\npm
99 verbose gentlyRm don't care about contents; nuking \\liberis\liberis_dfs\profile_files\Jay.Ramsay\AppData\Roaming\npm\node_modules\http-server
100 silly vacuum-fs Error: UNKNOWN, lstat '\\liberis\liberis_dfs\profile_files\Jay.Ramsay\AppData\Roaming\npm\node_modules\http-server'
100 silly vacuum-fs     at Error (native)
101 error error rolling back Error: UNKNOWN, lstat '\\liberis\liberis_dfs\profile_files\Jay.Ramsay\AppData\Roaming\npm\node_modules\http-server'
101 error error rolling back     at Error (native)
101 error error rolling back  { [Error: UNKNOWN, lstat '\\liberis\liberis_dfs\profile_files\Jay.Ramsay\AppData\Roaming\npm\node_modules\http-server']
101 error error rolling back   errno: -4094,
101 error error rolling back   code: 'UNKNOWN',
101 error error rolling back   path: '\\\\liberis\\liberis_dfs\\profile_files\\Jay.Ramsay\\AppData\\Roaming\\npm\\node_modules\\http-server' }
